INFO [2018-10-30 20:01:58] [[1]]
INFO [2018-10-30 20:01:58] list(w4_up = A, w8_up = B, w16_up = C, w32_up = D, w48_up = E)
INFO [2018-10-30 20:01:58] 
INFO [2018-10-30 20:01:58] $filename
INFO [2018-10-30 20:01:58] NULL
INFO [2018-10-30 20:01:58] 
INFO [2018-10-30 20:01:58] $lwd
INFO [2018-10-30 20:01:58] [1] 1
INFO [2018-10-30 20:01:58] 
INFO [2018-10-30 20:01:58] $lty
INFO [2018-10-30 20:01:58] [1] 1
INFO [2018-10-30 20:01:58] 
INFO [2018-10-30 20:01:58] $col
INFO [2018-10-30 20:01:58] c("LightGray", "Cyan", "Blue", "magenta", "red")
INFO [2018-10-30 20:01:58] 
INFO [2018-10-30 20:01:58] $fill
INFO [2018-10-30 20:01:58] c("LightGray", "Cyan", "Blue", "magenta", "red")
INFO [2018-10-30 20:01:58] 
INFO [2018-10-30 20:01:58] $rotation.degree
INFO [2018-10-30 20:01:58] [1] 0
INFO [2018-10-30 20:01:58] 
INFO [2018-10-30 20:01:58] $main
INFO [2018-10-30 20:01:58] [1] "Up-regulated genes within timescale"
INFO [2018-10-30 20:01:58] 
