INFO [2018-11-28 15:16:11] [[1]]
INFO [2018-11-28 15:16:11] list(w4 = A, w8 = B, w16 = C, w32 = D, w48 = E)
INFO [2018-11-28 15:16:11] 
INFO [2018-11-28 15:16:11] $filename
INFO [2018-11-28 15:16:11] NULL
INFO [2018-11-28 15:16:11] 
INFO [2018-11-28 15:16:11] $lwd
INFO [2018-11-28 15:16:11] [1] 1
INFO [2018-11-28 15:16:11] 
INFO [2018-11-28 15:16:11] $lty
INFO [2018-11-28 15:16:11] [1] 1
INFO [2018-11-28 15:16:11] 
INFO [2018-11-28 15:16:11] $col
INFO [2018-11-28 15:16:11] c("LightGray", "Cyan", "Blue", "magenta", "red")
INFO [2018-11-28 15:16:11] 
INFO [2018-11-28 15:16:11] $fill
INFO [2018-11-28 15:16:11] c("LightGray", "Cyan", "Blue", "magenta", "red")
INFO [2018-11-28 15:16:11] 
INFO [2018-11-28 15:16:11] $rotation.degree
INFO [2018-11-28 15:16:11] [1] 0
INFO [2018-11-28 15:16:11] 
INFO [2018-11-28 15:16:11] $main
INFO [2018-11-28 15:16:11] [1] "down-regulated genes within timescale"
INFO [2018-11-28 15:16:11] 
