INFO [2018-10-30 20:31:36] [[1]]
INFO [2018-10-30 20:31:36] list(w4 = A, w8 = B, w16 = C, w32 = D, w48 = E)
INFO [2018-10-30 20:31:36] 
INFO [2018-10-30 20:31:36] $filename
INFO [2018-10-30 20:31:36] NULL
INFO [2018-10-30 20:31:36] 
INFO [2018-10-30 20:31:36] $lwd
INFO [2018-10-30 20:31:36] [1] 1
INFO [2018-10-30 20:31:36] 
INFO [2018-10-30 20:31:36] $lty
INFO [2018-10-30 20:31:36] [1] 1
INFO [2018-10-30 20:31:36] 
INFO [2018-10-30 20:31:36] $col
INFO [2018-10-30 20:31:36] c("LightGray", "Cyan", "Blue", "magenta", "red")
INFO [2018-10-30 20:31:36] 
INFO [2018-10-30 20:31:36] $fill
INFO [2018-10-30 20:31:36] c("LightGray", "Cyan", "Blue", "magenta", "red")
INFO [2018-10-30 20:31:36] 
INFO [2018-10-30 20:31:36] $rotation.degree
INFO [2018-10-30 20:31:36] [1] 0
INFO [2018-10-30 20:31:36] 
INFO [2018-10-30 20:31:36] $main
INFO [2018-10-30 20:31:36] [1] "down-regulated genes within timescale"
INFO [2018-10-30 20:31:36] 
