INFO [2018-11-28 15:16:00] [[1]]
INFO [2018-11-28 15:16:00] list(w4 = A, w8 = B, w16 = C, w32 = D, w48 = E)
INFO [2018-11-28 15:16:00] 
INFO [2018-11-28 15:16:00] $filename
INFO [2018-11-28 15:16:00] NULL
INFO [2018-11-28 15:16:00] 
INFO [2018-11-28 15:16:00] $lwd
INFO [2018-11-28 15:16:00] [1] 1
INFO [2018-11-28 15:16:00] 
INFO [2018-11-28 15:16:00] $lty
INFO [2018-11-28 15:16:00] [1] 1
INFO [2018-11-28 15:16:00] 
INFO [2018-11-28 15:16:00] $col
INFO [2018-11-28 15:16:00] c("LightGray", "Cyan", "Blue", "magenta", "red")
INFO [2018-11-28 15:16:00] 
INFO [2018-11-28 15:16:00] $fill
INFO [2018-11-28 15:16:00] c("LightGray", "Cyan", "Blue", "magenta", "red")
INFO [2018-11-28 15:16:00] 
INFO [2018-11-28 15:16:00] $rotation.degree
INFO [2018-11-28 15:16:00] [1] 0
INFO [2018-11-28 15:16:00] 
INFO [2018-11-28 15:16:00] $main
INFO [2018-11-28 15:16:00] [1] "down-regulated genes within timescale"
INFO [2018-11-28 15:16:00] 
