INFO [2018-09-21 09:45:05] [[1]]
INFO [2018-09-21 09:45:05] list(w4_down = A, w8_down = B, w16_down = C, w32_down = D, w48_down = E)
INFO [2018-09-21 09:45:05] 
INFO [2018-09-21 09:45:05] $filename
INFO [2018-09-21 09:45:05] NULL
INFO [2018-09-21 09:45:05] 
INFO [2018-09-21 09:45:05] $lwd
INFO [2018-09-21 09:45:05] [1] 1
INFO [2018-09-21 09:45:05] 
INFO [2018-09-21 09:45:05] $lty
INFO [2018-09-21 09:45:05] [1] 1
INFO [2018-09-21 09:45:05] 
INFO [2018-09-21 09:45:05] $col
INFO [2018-09-21 09:45:05] c("LightGray", "LightCyan", "Cyan", "DeepSkyBlue", "Green1")
INFO [2018-09-21 09:45:05] 
INFO [2018-09-21 09:45:05] $fill
INFO [2018-09-21 09:45:05] c("LightGray", "LightCyan", "Cyan", "DeepSkyBlue", "Green1")
INFO [2018-09-21 09:45:05] 
INFO [2018-09-21 09:45:05] $cat.col
INFO [2018-09-21 09:45:05] c("LightGray", "LightCyan", "Cyan", "DeepSkyBlue", "Green1")
INFO [2018-09-21 09:45:05] 
INFO [2018-09-21 09:45:05] $rotation.degree
INFO [2018-09-21 09:45:05] [1] 0
INFO [2018-09-21 09:45:05] 
INFO [2018-09-21 09:45:05] $main
INFO [2018-09-21 09:45:05] [1] "down-regulated genes within timescale"
INFO [2018-09-21 09:45:05] 
