INFO [2018-09-21 09:39:19] [[1]]
INFO [2018-09-21 09:39:19] list(w4_up = A, w8_up = B, w16_up = C, w32_up = D, w48_up = E)
INFO [2018-09-21 09:39:19] 
INFO [2018-09-21 09:39:19] $filename
INFO [2018-09-21 09:39:19] NULL
INFO [2018-09-21 09:39:19] 
INFO [2018-09-21 09:39:19] $lwd
INFO [2018-09-21 09:39:19] [1] 1
INFO [2018-09-21 09:39:19] 
INFO [2018-09-21 09:39:19] $lty
INFO [2018-09-21 09:39:19] [1] 1
INFO [2018-09-21 09:39:19] 
INFO [2018-09-21 09:39:19] $col
INFO [2018-09-21 09:39:19] c("red", "blue")
INFO [2018-09-21 09:39:19] 
INFO [2018-09-21 09:39:19] $fill
INFO [2018-09-21 09:39:19] c("LightGray", "LightCyan", "Cyan", "DeepSkyBlue", "Green1")
INFO [2018-09-21 09:39:19] 
INFO [2018-09-21 09:39:19] $cat.col
INFO [2018-09-21 09:39:19] c("LightGray", "LightCyan", "Cyan", "DeepSkyBlue", "Green1")
INFO [2018-09-21 09:39:19] 
INFO [2018-09-21 09:39:19] $rotation.degree
INFO [2018-09-21 09:39:19] [1] 0
INFO [2018-09-21 09:39:19] 
INFO [2018-09-21 09:39:19] $main
INFO [2018-09-21 09:39:19] [1] "Up-regulated genes within timescale"
INFO [2018-09-21 09:39:19] 
ERROR [2018-09-21 09:39:20] Unexpected parameter length for 'col'
